\BOOKMARK [0][-]{section*.1}{Oral Defense Recommendation Sheet}{}% 1
\BOOKMARK [0][-]{section*.2}{Thesis Approval Sheet }{}% 2
\BOOKMARK [0][-]{section*.4}{Acknowledgment}{}% 3
\BOOKMARK [0][-]{section*.6}{Abstract}{}% 4
\BOOKMARK [0][-]{section*.8}{Table of Contents}{}% 5
\BOOKMARK [0][-]{section*.9}{List of Figures}{}% 6
\BOOKMARK [0][-]{section*.10}{List of Tables}{}% 7
\BOOKMARK [0][-]{section*.11}{Abbreviations}{}% 8
\BOOKMARK [0][-]{section*.13}{Notation}{}% 9
\BOOKMARK [0][-]{section*.15}{Glossary}{}% 10
\BOOKMARK [0][-]{section*.17}{Listings}{}% 11
\BOOKMARK [0][-]{chapter.1}{Introduction}{}% 12
\BOOKMARK [1][-]{section.1.1}{Background of the Study}{chapter.1}% 13
\BOOKMARK [1][-]{section.1.2}{Prior Studies}{chapter.1}% 14
\BOOKMARK [1][-]{section.1.3}{Problem Statement}{chapter.1}% 15
\BOOKMARK [1][-]{section.1.4}{Objectives}{chapter.1}% 16
\BOOKMARK [2][-]{subsection.1.4.1}{General Objective\(s\)}{section.1.4}% 17
\BOOKMARK [2][-]{subsection.1.4.2}{Specific Objectives}{section.1.4}% 18
\BOOKMARK [1][-]{section.1.5}{Significance of the Study}{chapter.1}% 19
\BOOKMARK [1][-]{section.1.6}{Assumptions, Scope and Delimitations}{chapter.1}% 20
\BOOKMARK [1][-]{section.1.7}{Description and Methodology}{chapter.1}% 21
\BOOKMARK [1][-]{section.1.8}{Estimated Work Schedule and Budget}{chapter.1}% 22
\BOOKMARK [1][-]{section.1.9}{Overview}{chapter.1}% 23
\BOOKMARK [0][-]{chapter.2}{Literature Review}{}% 24
\BOOKMARK [1][-]{section.2.1}{Summary}{chapter.2}% 25
\BOOKMARK [0][-]{chapter.3}{Theoretical Considerations}{}% 26
\BOOKMARK [1][-]{section.3.1}{Summary}{chapter.3}% 27
\BOOKMARK [0][-]{chapter.4}{Design Considerations}{}% 28
\BOOKMARK [1][-]{section.4.1}{Design Reference}{chapter.4}% 29
\BOOKMARK [1][-]{section.4.2}{Design and Dimensions}{chapter.4}% 30
\BOOKMARK [1][-]{section.4.3}{Components}{chapter.4}% 31
\BOOKMARK [0][-]{chapter.5}{Methodology}{}% 32
\BOOKMARK [1][-]{section.5.1}{Implementation}{chapter.5}% 33
\BOOKMARK [1][-]{section.5.2}{Evaluation}{chapter.5}% 34
\BOOKMARK [1][-]{section.5.3}{Summary}{chapter.5}% 35
\BOOKMARK [0][-]{section*.29}{References}{}% 36
\BOOKMARK [0][-]{appendix.A}{Answers to Questions to this Thesis}{}% 37
\BOOKMARK [0][-]{appendix.B}{Usage Examples}{}% 52
